mode: set
part3/delivery/controllers/auth/auth.go:18.42,22.2 1 1
part3/delivery/controllers/auth/auth.go:24.52,25.36 1 1
part3/delivery/controllers/auth/auth.go:25.36,28.97 2 1
part3/delivery/controllers/auth/auth.go:31.3,33.17 2 1
part3/delivery/controllers/auth/auth.go:36.3,39.17 3 1
part3/delivery/controllers/auth/auth.go:43.3,46.6 1 1
part3/delivery/controllers/auth/auth.go:28.97,30.4 1 1
part3/delivery/controllers/auth/auth.go:33.17,35.4 1 1
part3/delivery/controllers/auth/auth.go:39.17,41.4 1 1
part3/delivery/controllers/user/user.go:16.48,20.2 1 1
part3/delivery/controllers/user/user.go:22.53,23.36 1 1
part3/delivery/controllers/user/user.go:23.36,26.42 2 1
part3/delivery/controllers/user/user.go:30.3,32.17 2 1
part3/delivery/controllers/user/user.go:36.3,36.93 1 1
part3/delivery/controllers/user/user.go:26.42,28.4 1 0
part3/delivery/controllers/user/user.go:32.17,34.4 1 0
part3/lib/database/auth/auth.go:14.31,18.2 1 1
part3/lib/database/auth/auth.go:20.73,22.136 2 1
part3/lib/database/auth/auth.go:26.2,26.18 1 0
part3/lib/database/auth/auth.go:22.136,24.3 1 1
part3/lib/database/user/user.go:15.31,17.2 1 1
part3/lib/database/user/user.go:19.64,20.53 1 1
part3/lib/database/user/user.go:23.2,23.21 1 1
part3/lib/database/user/user.go:20.53,22.3 1 1
part3/lib/database/user/user.go:26.54,29.82 2 1
part3/lib/database/user/user.go:33.2,33.18 1 0
part3/lib/database/user/user.go:29.82,31.3 1 1
part3/lib/database/user/user.go:36.87,40.16 2 1
part3/lib/database/user/user.go:44.2,48.18 3 0
part3/lib/database/user/user.go:40.16,42.3 1 1
part3/lib/database/user/user.go:51.62,55.16 3 1
part3/lib/database/user/user.go:59.2,61.28 2 0
part3/lib/database/user/user.go:55.16,57.3 1 1
part3/lib/database/user/user.go:64.61,67.83 2 1
part3/lib/database/user/user.go:71.2,71.25 1 1
part3/lib/database/user/user.go:67.83,69.3 1 1
part3/lib/database/task/task.go:15.31,17.2 1 1
part3/lib/database/task/task.go:19.64,20.53 1 1
part3/lib/database/task/task.go:23.2,23.21 1 0
part3/lib/database/task/task.go:20.53,22.3 1 1
part3/lib/database/task/task.go:26.54,29.82 2 1
part3/lib/database/task/task.go:33.2,33.18 1 0
part3/lib/database/task/task.go:29.82,31.3 1 1
part3/lib/database/task/task.go:36.86,39.16 2 1
part3/lib/database/task/task.go:43.2,47.18 3 0
part3/lib/database/task/task.go:39.16,41.3 1 1
part3/lib/database/task/task.go:50.63,54.15 3 1
part3/lib/database/task/task.go:58.2,60.28 2 0
part3/lib/database/task/task.go:54.15,56.3 1 1
part3/lib/database/task/task.go:63.61,66.84 2 1
part3/lib/database/task/task.go:70.2,70.25 1 0
part3/lib/database/task/task.go:66.84,68.3 1 1
