mode: set
part3/delivery/controllers/project/pro.go:18.51,22.2 1 1
part3/delivery/controllers/project/pro.go:24.52,25.36 1 1
part3/delivery/controllers/project/pro.go:25.36,28.62 3 1
part3/delivery/controllers/project/pro.go:32.3,34.17 2 1
part3/delivery/controllers/project/pro.go:37.3,37.117 1 1
part3/delivery/controllers/project/pro.go:28.62,30.4 1 1
part3/delivery/controllers/project/pro.go:34.17,36.4 1 1
part3/delivery/controllers/project/pro.go:41.52,42.36 1 1
part3/delivery/controllers/project/pro.go:42.36,47.17 3 1
part3/delivery/controllers/project/pro.go:55.3,59.5 1 1
part3/delivery/controllers/project/pro.go:47.17,53.4 1 1
part3/delivery/controllers/project/pro.go:63.49,64.36 1 1
part3/delivery/controllers/project/pro.go:64.36,68.60 4 1
part3/delivery/controllers/project/pro.go:72.3,74.17 2 1
part3/delivery/controllers/project/pro.go:82.3,86.5 1 1
part3/delivery/controllers/project/pro.go:68.60,70.4 1 1
part3/delivery/controllers/project/pro.go:74.17,80.4 1 1
part3/delivery/controllers/project/pro.go:90.52,91.36 1 1
part3/delivery/controllers/project/pro.go:91.36,98.17 4 1
part3/delivery/controllers/project/pro.go:106.3,110.5 1 1
part3/delivery/controllers/project/pro.go:98.17,104.4 1 1
