mode: set
part3/lib/database/task/task.go:15.31,17.2 1 1
part3/lib/database/task/task.go:19.77,21.53 2 1
part3/lib/database/task/task.go:25.2,25.21 1 1
part3/lib/database/task/task.go:21.53,23.3 1 1
part3/lib/database/task/task.go:28.67,31.107 2 1
part3/lib/database/task/task.go:35.2,35.18 1 1
part3/lib/database/task/task.go:31.107,33.3 1 1
part3/lib/database/task/task.go:38.99,41.16 2 1
part3/lib/database/task/task.go:45.2,49.18 3 1
part3/lib/database/task/task.go:41.16,43.3 1 1
part3/lib/database/task/task.go:52.75,56.16 3 1
part3/lib/database/task/task.go:60.2,62.28 2 1
part3/lib/database/task/task.go:56.16,58.3 1 1
part3/lib/database/task/task.go:65.72,69.22 3 1
part3/lib/database/task/task.go:72.2,72.25 1 1
part3/lib/database/task/task.go:69.22,71.3 1 1
part3/lib/database/task/task.go:75.83,80.22 3 1
part3/lib/database/task/task.go:84.2,84.22 1 1
part3/lib/database/task/task.go:80.22,82.3 1 1
