mode: set
part3/delivery/controllers/user/user.go:19.48,23.2 1 1
part3/delivery/controllers/user/user.go:25.53,26.36 1 1
part3/delivery/controllers/user/user.go:26.36,29.91 2 1
part3/delivery/controllers/user/user.go:33.3,35.17 2 1
part3/delivery/controllers/user/user.go:39.3,39.93 1 1
part3/delivery/controllers/user/user.go:29.91,31.4 1 1
part3/delivery/controllers/user/user.go:35.17,37.4 1 1
part3/delivery/controllers/user/user.go:43.54,45.36 1 1
part3/delivery/controllers/user/user.go:45.36,50.17 3 1
part3/delivery/controllers/user/user.go:54.3,54.86 1 1
part3/delivery/controllers/user/user.go:50.17,52.4 1 1
part3/delivery/controllers/user/user.go:58.57,59.36 1 1
part3/delivery/controllers/user/user.go:59.36,64.62 4 1
part3/delivery/controllers/user/user.go:68.3,70.17 2 1
part3/delivery/controllers/user/user.go:74.3,74.89 1 1
part3/delivery/controllers/user/user.go:64.62,66.4 1 1
part3/delivery/controllers/user/user.go:70.17,72.4 1 1
part3/delivery/controllers/user/user.go:78.57,79.36 1 1
part3/delivery/controllers/user/user.go:79.36,84.87 3 1
part3/delivery/controllers/user/user.go:88.3,90.17 2 1
part3/delivery/controllers/user/user.go:94.3,94.89 1 1
part3/delivery/controllers/user/user.go:84.87,86.4 1 1
part3/delivery/controllers/user/user.go:90.17,92.4 1 1
part3/delivery/controllers/user/user.go:98.53,99.36 1 1
part3/delivery/controllers/user/user.go:99.36,104.17 2 1
part3/delivery/controllers/user/user.go:108.3,108.89 1 1
part3/delivery/controllers/user/user.go:104.17,106.4 1 1
