mode: set
part3/delivery/controllers/user/user.go:19.48,23.2 1 1
part3/delivery/controllers/user/user.go:25.53,26.36 1 1
part3/delivery/controllers/user/user.go:26.36,29.91 2 1
part3/delivery/controllers/user/user.go:33.3,35.17 2 1
part3/delivery/controllers/user/user.go:39.3,39.93 1 1
part3/delivery/controllers/user/user.go:29.91,31.4 1 1
part3/delivery/controllers/user/user.go:35.17,37.4 1 0
part3/delivery/controllers/user/user.go:43.54,45.36 1 1
part3/delivery/controllers/user/user.go:45.36,49.39 3 1
part3/delivery/controllers/user/user.go:53.3,55.17 2 1
part3/delivery/controllers/user/user.go:59.3,59.86 1 1
part3/delivery/controllers/user/user.go:49.39,51.4 1 0
part3/delivery/controllers/user/user.go:55.17,57.4 1 0
part3/delivery/controllers/user/user.go:63.57,64.36 1 0
part3/delivery/controllers/user/user.go:64.36,68.41 3 0
part3/delivery/controllers/user/user.go:72.3,74.17 2 0
part3/delivery/controllers/user/user.go:78.3,78.89 1 0
part3/delivery/controllers/user/user.go:68.41,70.4 1 0
part3/delivery/controllers/user/user.go:74.17,76.4 1 0
part3/delivery/controllers/user/user.go:82.57,83.36 1 1
part3/delivery/controllers/user/user.go:83.36,87.41 3 1
part3/delivery/controllers/user/user.go:91.3,93.17 2 1
part3/delivery/controllers/user/user.go:97.3,97.89 1 1
part3/delivery/controllers/user/user.go:87.41,89.4 1 0
part3/delivery/controllers/user/user.go:93.17,95.4 1 0
part3/delivery/controllers/user/user.go:101.53,102.36 1 1
part3/delivery/controllers/user/user.go:102.36,107.17 2 1
part3/delivery/controllers/user/user.go:111.3,111.89 1 1
part3/delivery/controllers/user/user.go:107.17,109.4 1 0
