mode: set
part3/lib/database/project/pro.go:15.30,17.2 1 1
part3/lib/database/project/pro.go:19.87,21.52 2 1
part3/lib/database/project/pro.go:24.2,24.20 1 1
part3/lib/database/project/pro.go:21.52,23.3 1 1
part3/lib/database/project/pro.go:27.72,30.105 2 1
part3/lib/database/project/pro.go:33.2,33.17 1 1
part3/lib/database/project/pro.go:30.105,32.3 1 1
part3/lib/database/project/pro.go:36.101,39.16 2 1
part3/lib/database/project/pro.go:43.2,47.17 3 1
part3/lib/database/project/pro.go:39.16,41.3 1 1
part3/lib/database/project/pro.go:50.74,53.16 3 1
part3/lib/database/project/pro.go:57.2,59.27 2 1
part3/lib/database/project/pro.go:53.16,55.3 1 1
part3/lib/database/project/pro.go:62.70,65.109 2 1
part3/lib/database/project/pro.go:69.2,69.24 1 1
part3/lib/database/project/pro.go:65.109,67.3 1 1
