mode: set
part3/delivery/controllers/task/task.go:20.72,25.2 1 1
part3/delivery/controllers/task/task.go:27.53,28.36 1 1
part3/delivery/controllers/task/task.go:28.36,32.64 3 1
part3/delivery/controllers/task/task.go:40.3,40.80 1 1
part3/delivery/controllers/task/task.go:48.3,50.17 2 1
part3/delivery/controllers/task/task.go:58.3,62.5 1 1
part3/delivery/controllers/task/task.go:32.64,38.4 1 1
part3/delivery/controllers/task/task.go:40.80,46.4 1 1
part3/delivery/controllers/task/task.go:50.17,56.4 1 1
part3/delivery/controllers/task/task.go:66.53,67.36 1 1
part3/delivery/controllers/task/task.go:67.36,72.17 3 1
part3/delivery/controllers/task/task.go:80.3,84.5 1 1
part3/delivery/controllers/task/task.go:72.17,78.4 1 1
part3/delivery/controllers/task/task.go:88.50,89.36 1 1
part3/delivery/controllers/task/task.go:89.36,93.62 4 1
part3/delivery/controllers/task/task.go:101.3,101.79 1 1
part3/delivery/controllers/task/task.go:109.3,111.17 2 1
part3/delivery/controllers/task/task.go:119.3,123.5 1 1
part3/delivery/controllers/task/task.go:93.62,99.4 1 1
part3/delivery/controllers/task/task.go:101.79,107.4 1 1
part3/delivery/controllers/task/task.go:111.17,117.4 1 1
part3/delivery/controllers/task/task.go:127.53,128.36 1 1
part3/delivery/controllers/task/task.go:128.36,135.17 4 1
part3/delivery/controllers/task/task.go:143.3,147.5 1 1
part3/delivery/controllers/task/task.go:135.17,141.4 1 1
