mode: set
part3/delivery/controllers/task/task.go:18.48,22.2 1 1
part3/delivery/controllers/task/task.go:24.53,25.36 1 1
part3/delivery/controllers/task/task.go:25.36,28.69 3 1
part3/delivery/controllers/task/task.go:36.3,38.17 2 1
part3/delivery/controllers/task/task.go:46.3,50.5 1 1
part3/delivery/controllers/task/task.go:28.69,34.4 1 1
part3/delivery/controllers/task/task.go:38.17,44.4 1 1
part3/delivery/controllers/task/task.go:54.53,55.36 1 1
part3/delivery/controllers/task/task.go:55.36,60.17 3 1
part3/delivery/controllers/task/task.go:68.3,72.5 1 1
part3/delivery/controllers/task/task.go:60.17,66.4 1 1
part3/delivery/controllers/task/task.go:76.50,77.36 1 1
part3/delivery/controllers/task/task.go:77.36,82.67 4 1
part3/delivery/controllers/task/task.go:90.3,92.17 2 1
part3/delivery/controllers/task/task.go:100.3,104.5 1 1
part3/delivery/controllers/task/task.go:82.67,88.4 1 1
part3/delivery/controllers/task/task.go:92.17,98.4 1 1
part3/delivery/controllers/task/task.go:108.53,109.36 1 1
part3/delivery/controllers/task/task.go:109.36,114.67 4 1
part3/delivery/controllers/task/task.go:122.3,124.17 2 1
part3/delivery/controllers/task/task.go:132.3,136.5 1 1
part3/delivery/controllers/task/task.go:114.67,120.4 1 1
part3/delivery/controllers/task/task.go:124.17,130.4 1 1
